<?xml version="1.0" encoding="utf-8"?>
<shfbBuild product="Sandcastle Help File Builder" version="2014.5.31.0" projectFile="C:\GitHub\Door2Door\Door2DoorWebApp\Door2Door.Core\Docs\Door2DoorDocs.shfbproj" started="10/07/2014 14:48:27">
<buildStep step="Initializing">
Finding tools...
The Sandcastle tools are located in &#39;C:\Program Files (x86)\EWSoftware\Sandcastle Help File Builder\&#39;
Locating components in the following folder(s):
   C:\GitHub\Door2Door\Door2DoorWebApp\Door2Door.Core\Docs
Using presentation style &#39;VS2013&#39; located in &#39;C:\Program Files (x86)\EWSoftware\Sandcastle Help File Builder\PresentationStyles\VS2013&#39;
Loading and initializing plug-ins...
Hierarchical Table of Contents Version 2014.5.31.0
Copyright &#169; 2006-2014, Eric Woodruff, All Rights Reserved
Lightweight Website Style Version 2014.5.31.0
Copyright &#169; 2006-2014, Eric Woodruff, All Rights Reserved
Portions Copyright &#169; 2014, Sam Harwell, All Rights Reserved
</buildStep>
<buildStep step="ValidatingDocumentationSources">
Validating and copying documentation source information
Source: C:\GitHub\Door2Door\Door2DoorWebApp\Door2Door.Core\Door2DoorCore.csproj
    Found project &#39;C:\GitHub\Door2Door\Door2DoorWebApp\Door2Door.Core\Door2DoorCore.csproj&#39;

Parsing project files
    Found assembly &#39;C:\GitHub\Door2Door\Door2DoorWebApp\Door2Door.Core\bin\Debug\Door2DoorCore.dll&#39;

References to include (excluding framework assemblies):
    C:\GitHub\Door2Door\Door2DoorWebApp\Door2Door.Core\bin\Debug\Door2DoorCore.dll
    Newtonsoft.Json, Version=4.5.0.0, Culture=neutral, PublicKeyToken=30ad4fe6b2a6aeed, processorArchitecture=MSIL

Copying XML comments files
    C:\GitHub\Door2Door\Door2DoorWebApp\Door2Door.Core\bin\Debug\Door2DoorCore.XML -&gt; C:\GitHub\Door2Door\Door2DoorWebApp\Door2Door.Core\Docs\Help\Working\Door2DoorCore.XML
</buildStep>
<buildStep step="GenerateSharedContent">
Generating shared content files (en-US, Ingl&#234;s (Estados Unidos))...
<plugIn name="Lightweight Website Style" behavior="After" priority="1000">
</plugIn>    Last step completed in 00:00:00.0090
</buildStep>
<buildStep step="GenerateApiFilter">
Generating API filter for MRefBuilder...
    Last step completed in 00:00:00.0020
</buildStep>
<buildStep step="GenerateReflectionInfo">
Generating reflection information...
[C:\Windows\Microsoft.NET\Framework64\v4.0.30319\MSBuild.exe]
Compila‡&#198;o de 10/07/2014 14:48:28 iniciada.
Projeto &quot;C:\GitHub\Door2Door\Door2DoorWebApp\Door2Door.Core\Docs\Help\Working\GenerateRefInfo.proj&quot; no n&#162; 1 (destinos padr&#198;o).
PrepareForBuild:
  Criando o diret&#162;rio &quot;obj\Debug\&quot;.
GenerateRefInfo:
  MRefBuilder (v2014.5.31.0)
  Copyright &#184; 2006-2014, Microsoft Corporation, All Rights Reserved.
  Portions Copyright &#184; 2006-2014, Eric Woodruff, All Rights Reserved.
  Loaded 1 assemblies for reflection and 3 dependency assemblies.
  Wrote information on 6 namespaces, 28 types, and 181 members
  Copiando o arquivo de &quot;reflection.org&quot; para &quot;reflection.all&quot;.
  XslTransform (v2014.5.31.0)
  Copyright &#184; 2006-2014, Microsoft Corporation, All Rights Reserved.
  Portions Copyright &#184; 2006-2014, Eric Woodruff, All Rights Reserved.
  Applying XSL transformation &#39;C:\Program Files (x86)\EWSoftware\Sandcastle Help File Builder\ProductionTransforms\MergeDuplicates.xsl&#39;.
Projeto de compila‡&#198;o pronto &quot;C:\GitHub\Door2Door\Door2DoorWebApp\Door2Door.Core\Docs\Help\Working\GenerateRefInfo.proj&quot; (destinos padr&#198;o).

Compila‡&#198;o com ˆxito.

Tempo Decorrido 00:00:01.16
    Last step completed in 00:00:01.3730
</buildStep>
<buildStep step="TransformReflectionInfo">
Transforming reflection output...
[C:\Windows\Microsoft.NET\Framework64\v4.0.30319\MSBuild.exe]
Compila‡&#198;o de 10/07/2014 14:48:30 iniciada.
Projeto &quot;C:\GitHub\Door2Door\Door2DoorWebApp\Door2Door.Core\Docs\Help\Working\TransformManifest.proj&quot; no n&#162; 1 (destinos padr&#198;o).
TransformManifest:
  XslTransform (v2014.5.31.0)
  Copyright &#184; 2006-2014, Microsoft Corporation, All Rights Reserved.
  Portions Copyright &#184; 2006-2014, Eric Woodruff, All Rights Reserved.
  Applying XSL transformation &#39;C:\Program Files (x86)\EWSoftware\Sandcastle Help File Builder\\ProductionTransforms\ApplyVSDocModel.xsl&#39;.
  Copiando o arquivo de &quot;reflection.xml&quot; para &quot;reflection.nofilenames&quot;.
  XslTransform (v2014.5.31.0)
  Copyright &#184; 2006-2014, Microsoft Corporation, All Rights Reserved.
  Portions Copyright &#184; 2006-2014, Eric Woodruff, All Rights Reserved.
  Applying XSL transformation &#39;C:\Program Files (x86)\EWSoftware\Sandcastle Help File Builder\ProductionTransforms\AddFilenames.xsl&#39;.
  XslTransform (v2014.5.31.0)
  Copyright &#184; 2006-2014, Microsoft Corporation, All Rights Reserved.
  Portions Copyright &#184; 2006-2014, Eric Woodruff, All Rights Reserved.
  Applying XSL transformation &#39;C:\Program Files (x86)\EWSoftware\Sandcastle Help File Builder\ProductionTransforms\ReflectionToManifest.xsl&#39;.
Projeto de compila‡&#198;o pronto &quot;C:\GitHub\Door2Door\Door2DoorWebApp\Door2Door.Core\Docs\Help\Working\TransformManifest.proj&quot; (destinos padr&#198;o).

Compila‡&#198;o com ˆxito.

Tempo Decorrido 00:00:00.84
    Last step completed in 00:00:01.0458
</buildStep>
<buildStep step="GenerateNamespaceSummaries">
Generating namespace summary information...
    Last step completed in 00:00:00.0300
</buildStep>
<buildStep step="CopyConceptualContent">
Copying conceptual content...
Copying standard token shared content file...
Checking for other token files...
Checking for code snippets files...
Copying images and creating the media map file...
Generating conceptual topic files
    Parsing topic file &#39;C:\GitHub\Door2Door\Door2DoorWebApp\Door2Door.Core\Docs\FunctionalHelp\Maml\VisaoGeral.aml&#39;
    C:\GitHub\Door2Door\Door2DoorWebApp\Door2Door.Core\Docs\FunctionalHelp\Maml\VisaoGeral.aml -&gt; C:\GitHub\Door2Door\Door2DoorWebApp\Door2Door.Core\Docs\Help\Working\ddueXml\visao_geral.xml
    Parsing topic file &#39;C:\GitHub\Door2Door\Door2DoorWebApp\Door2Door.Core\Docs\FunctionalHelp\Maml\ParaQuem.aml&#39;
    C:\GitHub\Door2Door\Door2DoorWebApp\Door2Door.Core\Docs\FunctionalHelp\Maml\ParaQuem.aml -&gt; C:\GitHub\Door2Door\Door2DoorWebApp\Door2Door.Core\Docs\Help\Working\ddueXml\para_quem.xml
    Parsing topic file &#39;C:\GitHub\Door2Door\Door2DoorWebApp\Door2Door.Core\Docs\FunctionalHelp\Maml\Funcionalidades.aml&#39;
    C:\GitHub\Door2Door\Door2DoorWebApp\Door2Door.Core\Docs\FunctionalHelp\Maml\Funcionalidades.aml -&gt; C:\GitHub\Door2Door\Door2DoorWebApp\Door2Door.Core\Docs\Help\Working\ddueXml\funcionalidades.xml
    Parsing topic file &#39;C:\GitHub\Door2Door\Door2DoorWebApp\Door2Door.Core\Docs\FunctionalHelp\Maml\Exemplos.aml&#39;
    C:\GitHub\Door2Door\Door2DoorWebApp\Door2Door.Core\Docs\FunctionalHelp\Maml\Exemplos.aml -&gt; C:\GitHub\Door2Door\Door2DoorWebApp\Door2Door.Core\Docs\Help\Working\ddueXml\exemplos.xml
    Parsing topic file &#39;C:\GitHub\Door2Door\Door2DoorWebApp\Door2Door.Core\Docs\FunctionalHelp\Maml\Exemplos\Exemplo_1.aml&#39;
    C:\GitHub\Door2Door\Door2DoorWebApp\Door2Door.Core\Docs\FunctionalHelp\Maml\Exemplos\Exemplo_1.aml -&gt; C:\GitHub\Door2Door\Door2DoorWebApp\Door2Door.Core\Docs\Help\Working\ddueXml\exemplo_1.xml
    Parsing topic file &#39;C:\GitHub\Door2Door\Door2DoorWebApp\Door2Door.Core\Docs\FunctionalHelp\Maml\Exemplos\Exemplo_2.aml&#39;
    C:\GitHub\Door2Door\Door2DoorWebApp\Door2Door.Core\Docs\FunctionalHelp\Maml\Exemplos\Exemplo_2.aml -&gt; C:\GitHub\Door2Door\Door2DoorWebApp\Door2Door.Core\Docs\Help\Working\ddueXml\exemplo_2.xml
    Parsing topic file &#39;C:\GitHub\Door2Door\Door2DoorWebApp\Door2Door.Core\Docs\FunctionalHelp\Maml\Exemplos\Exemplo_3.aml&#39;
    C:\GitHub\Door2Door\Door2DoorWebApp\Door2Door.Core\Docs\FunctionalHelp\Maml\Exemplos\Exemplo_3.aml -&gt; C:\GitHub\Door2Door\Door2DoorWebApp\Door2Door.Core\Docs\Help\Working\ddueXml\exemplo_3.xml
    Parsing topic file &#39;C:\GitHub\Door2Door\Door2DoorWebApp\Door2Door.Core\Docs\FunctionalHelp\Maml\Exemplos\Exemplo_4.aml&#39;
    C:\GitHub\Door2Door\Door2DoorWebApp\Door2Door.Core\Docs\FunctionalHelp\Maml\Exemplos\Exemplo_4.aml -&gt; C:\GitHub\Door2Door\Door2DoorWebApp\Door2Door.Core\Docs\Help\Working\ddueXml\exemplo_4.xml
    Parsing topic file &#39;C:\GitHub\Door2Door\Door2DoorWebApp\Door2Door.Core\Docs\FunctionalHelp\Maml\Exemplos\Exemplo_5.aml&#39;
    C:\GitHub\Door2Door\Door2DoorWebApp\Door2Door.Core\Docs\FunctionalHelp\Maml\Exemplos\Exemplo_5.aml -&gt; C:\GitHub\Door2Door\Door2DoorWebApp\Door2Door.Core\Docs\Help\Working\ddueXml\exemplo_5.xml
    Parsing topic file &#39;C:\GitHub\Door2Door\Door2DoorWebApp\Door2Door.Core\Docs\FunctionalHelp\Maml\Exemplos\Exemplo_6.aml&#39;
    C:\GitHub\Door2Door\Door2DoorWebApp\Door2Door.Core\Docs\FunctionalHelp\Maml\Exemplos\Exemplo_6.aml -&gt; C:\GitHub\Door2Door\Door2DoorWebApp\Door2Door.Core\Docs\Help\Working\ddueXml\exemplo_6.xml
    Parsing topic file &#39;C:\GitHub\Door2Door\Door2DoorWebApp\Door2Door.Core\Docs\FunctionalHelp\Maml\Exemplos\Exemplo_7.aml&#39;
    C:\GitHub\Door2Door\Door2DoorWebApp\Door2Door.Core\Docs\FunctionalHelp\Maml\Exemplos\Exemplo_7.aml -&gt; C:\GitHub\Door2Door\Door2DoorWebApp\Door2Door.Core\Docs\Help\Working\ddueXml\exemplo_7.xml
    Parsing topic file &#39;C:\GitHub\Door2Door\Door2DoorWebApp\Door2Door.Core\Docs\FunctionalHelp\Maml\Exemplos\Exemplo_8.aml&#39;
    C:\GitHub\Door2Door\Door2DoorWebApp\Door2Door.Core\Docs\FunctionalHelp\Maml\Exemplos\Exemplo_8.aml -&gt; C:\GitHub\Door2Door\Door2DoorWebApp\Door2Door.Core\Docs\Help\Working\ddueXml\exemplo_8.xml
    Parsing topic file &#39;C:\GitHub\Door2Door\Door2DoorWebApp\Door2Door.Core\Docs\FunctionalHelp\Maml\Exemplos\Request_Completo.aml&#39;
    C:\GitHub\Door2Door\Door2DoorWebApp\Door2Door.Core\Docs\FunctionalHelp\Maml\Exemplos\Request_Completo.aml -&gt; C:\GitHub\Door2Door\Door2DoorWebApp\Door2Door.Core\Docs\Help\Working\ddueXml\request_completo.xml
    Parsing topic file &#39;C:\GitHub\Door2Door\Door2DoorWebApp\Door2Door.Core\Docs\FunctionalHelp\Maml\Exemplos\Response_Completo.aml&#39;
    C:\GitHub\Door2Door\Door2DoorWebApp\Door2Door.Core\Docs\FunctionalHelp\Maml\Exemplos\Response_Completo.aml -&gt; C:\GitHub\Door2Door\Door2DoorWebApp\Door2Door.Core\Docs\Help\Working\ddueXml\response_completo.xml
    Parsing topic file &#39;C:\GitHub\Door2Door\Door2DoorWebApp\Door2Door.Core\Docs\FunctionalHelp\Maml\Exemplos\CSharp_Basic_RoundTrip.aml&#39;
    C:\GitHub\Door2Door\Door2DoorWebApp\Door2Door.Core\Docs\FunctionalHelp\Maml\Exemplos\CSharp_Basic_RoundTrip.aml -&gt; C:\GitHub\Door2Door\Door2DoorWebApp\Door2Door.Core\Docs\Help\Working\ddueXml\csharp_basic_roundtrip.xml
    Last step completed in 00:00:00.2882
</buildStep>
<buildStep step="CreateConceptualTopicConfigs">
Creating conceptual topic configuration files...
    Companion files
    _ContentMetadata_.xml
    ConceptualManifest.xml
    Last step completed in 00:00:00.0210
</buildStep>
<buildStep step="CopyAdditionalContent">
Copying additional content files...
No additional content to copy
    Last step completed in 00:00:00.0050
</buildStep>
<buildStep step="MergeTablesOfContents">
Merging conceptual and additional tables of contents...
    Last step completed in 00:00:00.0030
</buildStep>
<buildStep step="GenerateIntermediateTableOfContents">
Generating intermediate table of contents file...
[C:\Windows\Microsoft.NET\Framework64\v4.0.30319\MSBuild.exe]
Compila‡&#198;o de 10/07/2014 14:48:31 iniciada.
Projeto &quot;C:\GitHub\Door2Door\Door2DoorWebApp\Door2Door.Core\Docs\Help\Working\GenerateIntermediateTOC.proj&quot; no n&#162; 1 (destinos padr&#198;o).
GenerateIntermediateTOC:
  XslTransform (v2014.5.31.0)
  Copyright &#184; 2006-2014, Microsoft Corporation, All Rights Reserved.
  Portions Copyright &#184; 2006-2014, Eric Woodruff, All Rights Reserved.
  Applying XSL transformation &#39;C:\Program Files (x86)\EWSoftware\Sandcastle Help File Builder\\ProductionTransforms\CreateVSToc.xsl&#39;.
Projeto de compila‡&#198;o pronto &quot;C:\GitHub\Door2Door\Door2DoorWebApp\Door2Door.Core\Docs\Help\Working\GenerateIntermediateTOC.proj&quot; (destinos padr&#198;o).

Compila‡&#198;o com ˆxito.

Tempo Decorrido 00:00:00.21
Generating conceptual content intermediate TOC file...
<plugIn name="Hierarchical Table of Contents" behavior="After" priority="1000">
Retrieving namespace topic title from shared content...
SHFB: Warning HTP0003: Unable to locate namespace topic title in reference content file.  Using default.
Creating namespace hierarchy...
</plugIn>    Last step completed in 00:00:00.4423
</buildStep>
<buildStep step="CreateBuildAssemblerConfigs">
Creating Sandcastle configuration files...
    sandcastle.config
    conceptual.config
    Last step completed in 00:00:00.1311
</buildStep>
<buildStep step="MergeCustomConfigs">
Merging custom build component configurations
C:\GitHub\Door2Door\Door2DoorWebApp\Door2Door.Core\Docs\Help\Working\sandcastle.config
C:\GitHub\Door2Door\Door2DoorWebApp\Door2Door.Core\Docs\Help\Working\conceptual.config
    Removing unused ExampleComponent.
    Last step completed in 00:00:00.0420
</buildStep>
<buildStep step="BuildConceptualTopics">
Building conceptual help topics...
[C:\Windows\Microsoft.NET\Framework64\v4.0.30319\MSBuild.exe]
Compila‡&#198;o de 10/07/2014 14:48:32 iniciada.
Projeto &quot;C:\GitHub\Door2Door\Door2DoorWebApp\Door2Door.Core\Docs\Help\Working\BuildConceptualTopics.proj&quot; no n&#162; 1 (destinos padr&#198;o).
BuildConceptualTopics:
  BuildAssembler (v2014.5.31.0)
  Copyright &#184; 2006-2014, Microsoft Corporation, All Rights Reserved.
  Portions Copyright &#184; 2006-2014, Eric Woodruff, All Rights Reserved.
  Loading configuration...
  Processing topics...
  Processed 15 topic(s)
  CopyFromIndexComponent: &quot;metadata&quot; in-memory cache entries used: 1 of 15.
Projeto de compila‡&#198;o pronto &quot;C:\GitHub\Door2Door\Door2DoorWebApp\Door2Door.Core\Docs\Help\Working\BuildConceptualTopics.proj&quot; (destinos padr&#198;o).

Compila‡&#198;o com ˆxito.

Tempo Decorrido 00:01:29.75
    Last step completed in 00:01:30.0042
</buildStep>
<buildStep step="BuildReferenceTopics">
Building reference help topics...
[C:\Windows\Microsoft.NET\Framework64\v4.0.30319\MSBuild.exe]
Compila‡&#198;o de 10/07/2014 14:50:02 iniciada.
Projeto &quot;C:\GitHub\Door2Door\Door2DoorWebApp\Door2Door.Core\Docs\Help\Working\BuildReferenceTopics.proj&quot; no n&#162; 1 (destinos padr&#198;o).
BuildReferenceTopics:
  BuildAssembler (v2014.5.31.0)
  Copyright &#184; 2006-2014, Microsoft Corporation, All Rights Reserved.
  Portions Copyright &#184; 2006-2014, Eric Woodruff, All Rights Reserved.
  Loading configuration...
  Processing topics...
  Processed 241 topic(s)
  CopyFromIndexComponent: &quot;reflection&quot; in-memory cache entries used: 3 of 15.
  CopyFromIndexComponent: &quot;comments&quot; in-memory cache entries used: 1 of 30.
Projeto de compila‡&#198;o pronto &quot;C:\GitHub\Door2Door\Door2DoorWebApp\Door2Door.Core\Docs\Help\Working\BuildReferenceTopics.proj&quot; (destinos padr&#198;o).

Compila‡&#198;o com ˆxito.

Tempo Decorrido 00:00:16.53
    Last step completed in 00:00:16.8940
</buildStep>
<buildStep step="CombiningIntermediateTocFiles">
Combining conceptual and API intermediate TOC files...

Clearing any prior web output
    Last step completed in 00:00:00.4986
</buildStep>
<buildStep step="ExtractingHtmlInfo">
Extracting HTML info for HTML Help 1 and/or website...
[C:\Windows\Microsoft.NET\Framework64\v4.0.30319\MSBuild.exe]
Sandcastle Help File Builder, version 2014.5.31.0
Copyright &#184; 2006-2014, Eric Woodruff, All Rights Reserved
E-Mail: Eric@EWoodruff.us

Using LCID &#39;1033&#39;, code page &#39;65001&#39;, encoding charset &#39;UTF-8&#39;.

Processing website files in C:\GitHub\Door2Door\Door2DoorWebApp\Door2Door.Core\Docs\Help\Working\Output\Website
Processed 256 HTML files
Sorting keywords and generating See Also indices
Saving website keyword index to C:\GitHub\Door2Door\Door2DoorWebApp\Door2Door.Core\Docs\Help\Working\WebKI.xml
Saving website table of contents to C:\GitHub\Door2Door\Door2DoorWebApp\Door2Door.Core\Docs\Help\Working\WebTOC.xml
    Last step completed in 00:00:01.3730
</buildStep>
<buildStep step="CopyStandardHelpContent">
Copying standard help content...
C:\Program Files (x86)\EWSoftware\Sandcastle Help File Builder\PresentationStyles\VS2013\icons\AlertCaution.png -&gt; C:\GitHub\Door2Door\Door2DoorWebApp\Door2Door.Core\Docs\Help\Working\Output\Website\icons\AlertCaution.png
C:\Program Files (x86)\EWSoftware\Sandcastle Help File Builder\PresentationStyles\VS2013\icons\AlertNote.png -&gt; C:\GitHub\Door2Door\Door2DoorWebApp\Door2Door.Core\Docs\Help\Working\Output\Website\icons\AlertNote.png
C:\Program Files (x86)\EWSoftware\Sandcastle Help File Builder\PresentationStyles\VS2013\icons\AlertSecurity.png -&gt; C:\GitHub\Door2Door\Door2DoorWebApp\Door2Door.Core\Docs\Help\Working\Output\Website\icons\AlertSecurity.png
C:\Program Files (x86)\EWSoftware\Sandcastle Help File Builder\PresentationStyles\VS2013\icons\CFW.gif -&gt; C:\GitHub\Door2Door\Door2DoorWebApp\Door2Door.Core\Docs\Help\Working\Output\Website\icons\CFW.gif
C:\Program Files (x86)\EWSoftware\Sandcastle Help File Builder\PresentationStyles\VS2013\icons\CodeExample.png -&gt; C:\GitHub\Door2Door\Door2DoorWebApp\Door2Door.Core\Docs\Help\Working\Output\Website\icons\CodeExample.png
C:\Program Files (x86)\EWSoftware\Sandcastle Help File Builder\PresentationStyles\VS2013\icons\favicon.ico -&gt; C:\GitHub\Door2Door\Door2DoorWebApp\Door2Door.Core\Docs\Help\Working\Output\Website\icons\favicon.ico
C:\Program Files (x86)\EWSoftware\Sandcastle Help File Builder\PresentationStyles\VS2013\icons\privclass.gif -&gt; C:\GitHub\Door2Door\Door2DoorWebApp\Door2Door.Core\Docs\Help\Working\Output\Website\icons\privclass.gif
C:\Program Files (x86)\EWSoftware\Sandcastle Help File Builder\PresentationStyles\VS2013\icons\privdelegate.gif -&gt; C:\GitHub\Door2Door\Door2DoorWebApp\Door2Door.Core\Docs\Help\Working\Output\Website\icons\privdelegate.gif
C:\Program Files (x86)\EWSoftware\Sandcastle Help File Builder\PresentationStyles\VS2013\icons\privenumeration.gif -&gt; C:\GitHub\Door2Door\Door2DoorWebApp\Door2Door.Core\Docs\Help\Working\Output\Website\icons\privenumeration.gif
C:\Program Files (x86)\EWSoftware\Sandcastle Help File Builder\PresentationStyles\VS2013\icons\privevent.gif -&gt; C:\GitHub\Door2Door\Door2DoorWebApp\Door2Door.Core\Docs\Help\Working\Output\Website\icons\privevent.gif
C:\Program Files (x86)\EWSoftware\Sandcastle Help File Builder\PresentationStyles\VS2013\icons\privextension.gif -&gt; C:\GitHub\Door2Door\Door2DoorWebApp\Door2Door.Core\Docs\Help\Working\Output\Website\icons\privextension.gif
C:\Program Files (x86)\EWSoftware\Sandcastle Help File Builder\PresentationStyles\VS2013\icons\privfield.gif -&gt; C:\GitHub\Door2Door\Door2DoorWebApp\Door2Door.Core\Docs\Help\Working\Output\Website\icons\privfield.gif
C:\Program Files (x86)\EWSoftware\Sandcastle Help File Builder\PresentationStyles\VS2013\icons\privinterface.gif -&gt; C:\GitHub\Door2Door\Door2DoorWebApp\Door2Door.Core\Docs\Help\Working\Output\Website\icons\privinterface.gif
C:\Program Files (x86)\EWSoftware\Sandcastle Help File Builder\PresentationStyles\VS2013\icons\privmethod.gif -&gt; C:\GitHub\Door2Door\Door2DoorWebApp\Door2Door.Core\Docs\Help\Working\Output\Website\icons\privmethod.gif
C:\Program Files (x86)\EWSoftware\Sandcastle Help File Builder\PresentationStyles\VS2013\icons\privproperty.gif -&gt; C:\GitHub\Door2Door\Door2DoorWebApp\Door2Door.Core\Docs\Help\Working\Output\Website\icons\privproperty.gif
C:\Program Files (x86)\EWSoftware\Sandcastle Help File Builder\PresentationStyles\VS2013\icons\privstructure.gif -&gt; C:\GitHub\Door2Door\Door2DoorWebApp\Door2Door.Core\Docs\Help\Working\Output\Website\icons\privstructure.gif
C:\Program Files (x86)\EWSoftware\Sandcastle Help File Builder\PresentationStyles\VS2013\icons\protclass.gif -&gt; C:\GitHub\Door2Door\Door2DoorWebApp\Door2Door.Core\Docs\Help\Working\Output\Website\icons\protclass.gif
C:\Program Files (x86)\EWSoftware\Sandcastle Help File Builder\PresentationStyles\VS2013\icons\protdelegate.gif -&gt; C:\GitHub\Door2Door\Door2DoorWebApp\Door2Door.Core\Docs\Help\Working\Output\Website\icons\protdelegate.gif
C:\Program Files (x86)\EWSoftware\Sandcastle Help File Builder\PresentationStyles\VS2013\icons\protenumeration.gif -&gt; C:\GitHub\Door2Door\Door2DoorWebApp\Door2Door.Core\Docs\Help\Working\Output\Website\icons\protenumeration.gif
C:\Program Files (x86)\EWSoftware\Sandcastle Help File Builder\PresentationStyles\VS2013\icons\protevent.gif -&gt; C:\GitHub\Door2Door\Door2DoorWebApp\Door2Door.Core\Docs\Help\Working\Output\Website\icons\protevent.gif
C:\Program Files (x86)\EWSoftware\Sandcastle Help File Builder\PresentationStyles\VS2013\icons\protextension.gif -&gt; C:\GitHub\Door2Door\Door2DoorWebApp\Door2Door.Core\Docs\Help\Working\Output\Website\icons\protextension.gif
C:\Program Files (x86)\EWSoftware\Sandcastle Help File Builder\PresentationStyles\VS2013\icons\protfield.gif -&gt; C:\GitHub\Door2Door\Door2DoorWebApp\Door2Door.Core\Docs\Help\Working\Output\Website\icons\protfield.gif
C:\Program Files (x86)\EWSoftware\Sandcastle Help File Builder\PresentationStyles\VS2013\icons\protinterface.gif -&gt; C:\GitHub\Door2Door\Door2DoorWebApp\Door2Door.Core\Docs\Help\Working\Output\Website\icons\protinterface.gif
C:\Program Files (x86)\EWSoftware\Sandcastle Help File Builder\PresentationStyles\VS2013\icons\protmethod.gif -&gt; C:\GitHub\Door2Door\Door2DoorWebApp\Door2Door.Core\Docs\Help\Working\Output\Website\icons\protmethod.gif
C:\Program Files (x86)\EWSoftware\Sandcastle Help File Builder\PresentationStyles\VS2013\icons\protoperator.gif -&gt; C:\GitHub\Door2Door\Door2DoorWebApp\Door2Door.Core\Docs\Help\Working\Output\Website\icons\protoperator.gif
C:\Program Files (x86)\EWSoftware\Sandcastle Help File Builder\PresentationStyles\VS2013\icons\protproperty.gif -&gt; C:\GitHub\Door2Door\Door2DoorWebApp\Door2Door.Core\Docs\Help\Working\Output\Website\icons\protproperty.gif
C:\Program Files (x86)\EWSoftware\Sandcastle Help File Builder\PresentationStyles\VS2013\icons\protstructure.gif -&gt; C:\GitHub\Door2Door\Door2DoorWebApp\Door2Door.Core\Docs\Help\Working\Output\Website\icons\protstructure.gif
C:\Program Files (x86)\EWSoftware\Sandcastle Help File Builder\PresentationStyles\VS2013\icons\pubclass.gif -&gt; C:\GitHub\Door2Door\Door2DoorWebApp\Door2Door.Core\Docs\Help\Working\Output\Website\icons\pubclass.gif
C:\Program Files (x86)\EWSoftware\Sandcastle Help File Builder\PresentationStyles\VS2013\icons\pubdelegate.gif -&gt; C:\GitHub\Door2Door\Door2DoorWebApp\Door2Door.Core\Docs\Help\Working\Output\Website\icons\pubdelegate.gif
C:\Program Files (x86)\EWSoftware\Sandcastle Help File Builder\PresentationStyles\VS2013\icons\pubenumeration.gif -&gt; C:\GitHub\Door2Door\Door2DoorWebApp\Door2Door.Core\Docs\Help\Working\Output\Website\icons\pubenumeration.gif
C:\Program Files (x86)\EWSoftware\Sandcastle Help File Builder\PresentationStyles\VS2013\icons\pubevent.gif -&gt; C:\GitHub\Door2Door\Door2DoorWebApp\Door2Door.Core\Docs\Help\Working\Output\Website\icons\pubevent.gif
C:\Program Files (x86)\EWSoftware\Sandcastle Help File Builder\PresentationStyles\VS2013\icons\pubextension.gif -&gt; C:\GitHub\Door2Door\Door2DoorWebApp\Door2Door.Core\Docs\Help\Working\Output\Website\icons\pubextension.gif
C:\Program Files (x86)\EWSoftware\Sandcastle Help File Builder\PresentationStyles\VS2013\icons\pubfield.gif -&gt; C:\GitHub\Door2Door\Door2DoorWebApp\Door2Door.Core\Docs\Help\Working\Output\Website\icons\pubfield.gif
C:\Program Files (x86)\EWSoftware\Sandcastle Help File Builder\PresentationStyles\VS2013\icons\pubinterface.gif -&gt; C:\GitHub\Door2Door\Door2DoorWebApp\Door2Door.Core\Docs\Help\Working\Output\Website\icons\pubinterface.gif
C:\Program Files (x86)\EWSoftware\Sandcastle Help File Builder\PresentationStyles\VS2013\icons\pubmethod.gif -&gt; C:\GitHub\Door2Door\Door2DoorWebApp\Door2Door.Core\Docs\Help\Working\Output\Website\icons\pubmethod.gif
C:\Program Files (x86)\EWSoftware\Sandcastle Help File Builder\PresentationStyles\VS2013\icons\puboperator.gif -&gt; C:\GitHub\Door2Door\Door2DoorWebApp\Door2Door.Core\Docs\Help\Working\Output\Website\icons\puboperator.gif
C:\Program Files (x86)\EWSoftware\Sandcastle Help File Builder\PresentationStyles\VS2013\icons\pubproperty.gif -&gt; C:\GitHub\Door2Door\Door2DoorWebApp\Door2Door.Core\Docs\Help\Working\Output\Website\icons\pubproperty.gif
C:\Program Files (x86)\EWSoftware\Sandcastle Help File Builder\PresentationStyles\VS2013\icons\pubstructure.gif -&gt; C:\GitHub\Door2Door\Door2DoorWebApp\Door2Door.Core\Docs\Help\Working\Output\Website\icons\pubstructure.gif
C:\Program Files (x86)\EWSoftware\Sandcastle Help File Builder\PresentationStyles\VS2013\icons\SectionCollapsed.png -&gt; C:\GitHub\Door2Door\Door2DoorWebApp\Door2Door.Core\Docs\Help\Working\Output\Website\icons\SectionCollapsed.png
C:\Program Files (x86)\EWSoftware\Sandcastle Help File Builder\PresentationStyles\VS2013\icons\SectionExpanded.png -&gt; C:\GitHub\Door2Door\Door2DoorWebApp\Door2Door.Core\Docs\Help\Working\Output\Website\icons\SectionExpanded.png
C:\Program Files (x86)\EWSoftware\Sandcastle Help File Builder\PresentationStyles\VS2013\icons\slMobile.gif -&gt; C:\GitHub\Door2Door\Door2DoorWebApp\Door2Door.Core\Docs\Help\Working\Output\Website\icons\slMobile.gif
C:\Program Files (x86)\EWSoftware\Sandcastle Help File Builder\PresentationStyles\VS2013\icons\static.gif -&gt; C:\GitHub\Door2Door\Door2DoorWebApp\Door2Door.Core\Docs\Help\Working\Output\Website\icons\static.gif
C:\Program Files (x86)\EWSoftware\Sandcastle Help File Builder\PresentationStyles\VS2013\icons\xna.gif -&gt; C:\GitHub\Door2Door\Door2DoorWebApp\Door2Door.Core\Docs\Help\Working\Output\Website\icons\xna.gif
C:\Program Files (x86)\EWSoftware\Sandcastle Help File Builder\PresentationStyles\VS2013\scripts\branding.js -&gt; C:\GitHub\Door2Door\Door2DoorWebApp\Door2Door.Core\Docs\Help\Working\Output\Website\scripts\branding.js
C:\Program Files (x86)\EWSoftware\Sandcastle Help File Builder\PresentationStyles\VS2013\styles\branding-cs-CZ.css -&gt; C:\GitHub\Door2Door\Door2DoorWebApp\Door2Door.Core\Docs\Help\Working\Output\Website\styles\branding-cs-CZ.css
C:\Program Files (x86)\EWSoftware\Sandcastle Help File Builder\PresentationStyles\VS2013\styles\branding-de-DE.css -&gt; C:\GitHub\Door2Door\Door2DoorWebApp\Door2Door.Core\Docs\Help\Working\Output\Website\styles\branding-de-DE.css
C:\Program Files (x86)\EWSoftware\Sandcastle Help File Builder\PresentationStyles\VS2013\styles\branding-en-US.css -&gt; C:\GitHub\Door2Door\Door2DoorWebApp\Door2Door.Core\Docs\Help\Working\Output\Website\styles\branding-en-US.css
C:\Program Files (x86)\EWSoftware\Sandcastle Help File Builder\PresentationStyles\VS2013\styles\branding-es-ES.css -&gt; C:\GitHub\Door2Door\Door2DoorWebApp\Door2Door.Core\Docs\Help\Working\Output\Website\styles\branding-es-ES.css
C:\Program Files (x86)\EWSoftware\Sandcastle Help File Builder\PresentationStyles\VS2013\styles\branding-fr-FR.css -&gt; C:\GitHub\Door2Door\Door2DoorWebApp\Door2Door.Core\Docs\Help\Working\Output\Website\styles\branding-fr-FR.css
C:\Program Files (x86)\EWSoftware\Sandcastle Help File Builder\PresentationStyles\VS2013\styles\branding-Help1.css -&gt; C:\GitHub\Door2Door\Door2DoorWebApp\Door2Door.Core\Docs\Help\Working\Output\Website\styles\branding-Help1.css
C:\Program Files (x86)\EWSoftware\Sandcastle Help File Builder\PresentationStyles\VS2013\styles\branding-Help2.css -&gt; C:\GitHub\Door2Door\Door2DoorWebApp\Door2Door.Core\Docs\Help\Working\Output\Website\styles\branding-Help2.css
C:\Program Files (x86)\EWSoftware\Sandcastle Help File Builder\PresentationStyles\VS2013\styles\branding-HelpViewer.css -&gt; C:\GitHub\Door2Door\Door2DoorWebApp\Door2Door.Core\Docs\Help\Working\Output\Website\styles\branding-HelpViewer.css
C:\Program Files (x86)\EWSoftware\Sandcastle Help File Builder\PresentationStyles\VS2013\styles\branding-it-IT.css -&gt; C:\GitHub\Door2Door\Door2DoorWebApp\Door2Door.Core\Docs\Help\Working\Output\Website\styles\branding-it-IT.css
C:\Program Files (x86)\EWSoftware\Sandcastle Help File Builder\PresentationStyles\VS2013\styles\branding-ja-JP.css -&gt; C:\GitHub\Door2Door\Door2DoorWebApp\Door2Door.Core\Docs\Help\Working\Output\Website\styles\branding-ja-JP.css
C:\Program Files (x86)\EWSoftware\Sandcastle Help File Builder\PresentationStyles\VS2013\styles\branding-ko-KR.css -&gt; C:\GitHub\Door2Door\Door2DoorWebApp\Door2Door.Core\Docs\Help\Working\Output\Website\styles\branding-ko-KR.css
C:\Program Files (x86)\EWSoftware\Sandcastle Help File Builder\PresentationStyles\VS2013\styles\branding-pl-PL.css -&gt; C:\GitHub\Door2Door\Door2DoorWebApp\Door2Door.Core\Docs\Help\Working\Output\Website\styles\branding-pl-PL.css
C:\Program Files (x86)\EWSoftware\Sandcastle Help File Builder\PresentationStyles\VS2013\styles\branding-pt-BR.css -&gt; C:\GitHub\Door2Door\Door2DoorWebApp\Door2Door.Core\Docs\Help\Working\Output\Website\styles\branding-pt-BR.css
C:\Program Files (x86)\EWSoftware\Sandcastle Help File Builder\PresentationStyles\VS2013\styles\branding-ru-RU.css -&gt; C:\GitHub\Door2Door\Door2DoorWebApp\Door2Door.Core\Docs\Help\Working\Output\Website\styles\branding-ru-RU.css
C:\Program Files (x86)\EWSoftware\Sandcastle Help File Builder\PresentationStyles\VS2013\styles\branding-tr-TR.css -&gt; C:\GitHub\Door2Door\Door2DoorWebApp\Door2Door.Core\Docs\Help\Working\Output\Website\styles\branding-tr-TR.css
C:\Program Files (x86)\EWSoftware\Sandcastle Help File Builder\PresentationStyles\VS2013\styles\branding-Website.css -&gt; C:\GitHub\Door2Door\Door2DoorWebApp\Door2Door.Core\Docs\Help\Working\Output\Website\styles\branding-Website.css
C:\Program Files (x86)\EWSoftware\Sandcastle Help File Builder\PresentationStyles\VS2013\styles\branding-zh-CN.css -&gt; C:\GitHub\Door2Door\Door2DoorWebApp\Door2Door.Core\Docs\Help\Working\Output\Website\styles\branding-zh-CN.css
C:\Program Files (x86)\EWSoftware\Sandcastle Help File Builder\PresentationStyles\VS2013\styles\branding-zh-TW.css -&gt; C:\GitHub\Door2Door\Door2DoorWebApp\Door2Door.Core\Docs\Help\Working\Output\Website\styles\branding-zh-TW.css
C:\Program Files (x86)\EWSoftware\Sandcastle Help File Builder\PresentationStyles\VS2013\styles\branding.css -&gt; C:\GitHub\Door2Door\Door2DoorWebApp\Door2Door.Core\Docs\Help\Working\Output\Website\styles\branding.css
C:\Program Files (x86)\EWSoftware\Sandcastle Help File Builder\PresentationStyles\VS2013\Web\index.html -&gt; C:\GitHub\Door2Door\Door2DoorWebApp\Door2Door.Core\Docs\Help\Working\Output\Website\index.html
C:\Program Files (x86)\EWSoftware\Sandcastle Help File Builder\PresentationStyles\VS2013\Web\search.html -&gt; C:\GitHub\Door2Door\Door2DoorWebApp\Door2Door.Core\Docs\Help\Working\Output\Website\search.html
C:\Program Files (x86)\EWSoftware\Sandcastle Help File Builder\PresentationStyles\VS2013\Web\SearchHelp.aspx -&gt; C:\GitHub\Door2Door\Door2DoorWebApp\Door2Door.Core\Docs\Help\Working\Output\Website\SearchHelp.aspx
C:\Program Files (x86)\EWSoftware\Sandcastle Help File Builder\PresentationStyles\VS2013\Web\SearchHelp.inc.php -&gt; C:\GitHub\Door2Door\Door2DoorWebApp\Door2Door.Core\Docs\Help\Working\Output\Website\SearchHelp.inc.php
C:\Program Files (x86)\EWSoftware\Sandcastle Help File Builder\PresentationStyles\VS2013\Web\SearchHelp.php -&gt; C:\GitHub\Door2Door\Door2DoorWebApp\Door2Door.Core\Docs\Help\Working\Output\Website\SearchHelp.php
C:\Program Files (x86)\EWSoftware\Sandcastle Help File Builder\PresentationStyles\VS2013\Web\Web.Config -&gt; C:\GitHub\Door2Door\Door2DoorWebApp\Door2Door.Core\Docs\Help\Working\Output\Website\Web.Config
C:\Program Files (x86)\EWSoftware\Sandcastle Help File Builder\PresentationStyles\VS2013\Web\icons\Search.png -&gt; C:\GitHub\Door2Door\Door2DoorWebApp\Door2Door.Core\Docs\Help\Working\Output\Website\icons\Search.png
C:\Program Files (x86)\EWSoftware\Sandcastle Help File Builder\PresentationStyles\VS2013\Web\icons\TocClose.gif -&gt; C:\GitHub\Door2Door\Door2DoorWebApp\Door2Door.Core\Docs\Help\Working\Output\Website\icons\TocClose.gif
C:\Program Files (x86)\EWSoftware\Sandcastle Help File Builder\PresentationStyles\VS2013\Web\icons\TocCollapsed.gif -&gt; C:\GitHub\Door2Door\Door2DoorWebApp\Door2Door.Core\Docs\Help\Working\Output\Website\icons\TocCollapsed.gif
C:\Program Files (x86)\EWSoftware\Sandcastle Help File Builder\PresentationStyles\VS2013\Web\icons\TocExpanded.gif -&gt; C:\GitHub\Door2Door\Door2DoorWebApp\Door2Door.Core\Docs\Help\Working\Output\Website\icons\TocExpanded.gif
C:\Program Files (x86)\EWSoftware\Sandcastle Help File Builder\PresentationStyles\VS2013\Web\icons\TocOpen.gif -&gt; C:\GitHub\Door2Door\Door2DoorWebApp\Door2Door.Core\Docs\Help\Working\Output\Website\icons\TocOpen.gif
C:\Program Files (x86)\EWSoftware\Sandcastle Help File Builder\PresentationStyles\VS2013\Web\scripts\branding-Website.js -&gt; C:\GitHub\Door2Door\Door2DoorWebApp\Door2Door.Core\Docs\Help\Working\Output\Website\scripts\branding-Website.js
C:\Program Files (x86)\EWSoftware\Sandcastle Help File Builder\PresentationStyles\VS2013\Web\scripts\jquery-1.11.0.min.js -&gt; C:\GitHub\Door2Door\Door2DoorWebApp\Door2Door.Core\Docs\Help\Working\Output\Website\scripts\jquery-1.11.0.min.js
    Last step completed in 00:00:00.8903
</buildStep>
<buildStep step="GenerateHelpFormatTableOfContents">
Generating website table of contents file...
    Last step completed in 00:00:00.0020
</buildStep>
<buildStep step="GenerateFullTextIndex">
Generating full-text index for the website...

<plugIn name="Lightweight Website Style" behavior="After" priority="1000">
Adding lightweight search and TOC elements to each topic...
</plugIn>    Last step completed in 00:00:07.5053
</buildStep>
<buildStep step="CopyingWebsiteFiles">
Copying website files to output folder...

Copied 100 files
Copied 200 files
Copied 300 files
Copied 400 files
Copied 429 files for the website content
    Last step completed in 00:00:03.2473
</buildStep>
<buildStep step="CleanIntermediates">
Removing intermediate files...
    Last step completed in 00:00:02.6588
</buildStep>
<buildStep step="Completed">

Build completed successfully at 07/10/2014 02:50 .  Total time: 00:02:07,2576

</buildStep>
</shfbBuild>
